HTTP API running on port 3001
Starting session session_1771909488437 (id=4)
Semua session di-load
[Session session_1771909488437] CLOSED. loggedOut=false
Re-starting session session_1771909488437...
Starting session session_1771909488437 (id=4)
[Session session_1771909488437] CLOSED. loggedOut=false
Re-starting session session_1771909488437...
Starting session session_1771909488437 (id=4)
[Session session_1771909488437] CLOSED. loggedOut=false
Re-starting session session_1771909488437...
Starting session session_1771909488437 (id=4)
[Session session_1771909488437] CLOSED. loggedOut=false
Re-starting session session_1771909488437...
Starting session session_1771909488437 (id=4)
[Session session_1771909488437] CLOSED. loggedOut=false
Re-starting session session_1771909488437...
Starting session session_1771909488437 (id=4)
[Session session_1771909488437] CLOSED. loggedOut=false
Re-starting session session_1771909488437...
Starting session session_1771909488437 (id=4)
[Session session_1771909488437] CLOSED. loggedOut=false
Re-starting session session_1771909488437...
Starting session session_1771909488437 (id=4)
[Session session_1771909488437] CLOSED. loggedOut=false
Re-starting session session_1771909488437...
Starting session session_1771909488437 (id=4)
[Session session_1771909488437] CLOSED. loggedOut=false
Re-starting session session_1771909488437...
Starting session session_1771909488437 (id=4)
[Session session_1771909488437] CLOSED. loggedOut=false
Re-starting session session_1771909488437...
Starting session session_1771909488437 (id=4)
[Session session_1771909488437] CLOSED. loggedOut=false
Session id=4 tidak ditemukan di database, membatalkan restart.
